D:\作业\操作系统\C实现\PROCESSCTRLPROJECT\DEBUG\PROCESSCTRLPROJECT.EXE
D:\作业\操作系统\C实现\PROCESSCTRLPROJECT\DEBUG\PROCESSCTRLPROJECT.ILK
D:\作业\操作系统\C实现\PROCESSCTRLPROJECT\DEBUG\PROCESSCTRLPROJECT.PDB
D:\作业\操作系统\c实现\ProcessCtrlProject\ProcessCtrlProject\Debug\cl.command.1.tlog
D:\作业\操作系统\c实现\ProcessCtrlProject\ProcessCtrlProject\Debug\CL.read.1.tlog
D:\作业\操作系统\c实现\ProcessCtrlProject\ProcessCtrlProject\Debug\CL.write.1.tlog
D:\作业\操作系统\c实现\ProcessCtrlProject\ProcessCtrlProject\Debug\link.12048.read.1.tlog
D:\作业\操作系统\c实现\ProcessCtrlProject\ProcessCtrlProject\Debug\link.12048.write.1.tlog
D:\作业\操作系统\c实现\ProcessCtrlProject\ProcessCtrlProject\Debug\link.12048-cvtres.read.1.tlog
D:\作业\操作系统\c实现\ProcessCtrlProject\ProcessCtrlProject\Debug\link.12048-cvtres.write.1.tlog
D:\作业\操作系统\c实现\ProcessCtrlProject\ProcessCtrlProject\Debug\link.12244.read.1.tlog
D:\作业\操作系统\c实现\ProcessCtrlProject\ProcessCtrlProject\Debug\link.12244.write.1.tlog
D:\作业\操作系统\c实现\ProcessCtrlProject\ProcessCtrlProject\Debug\link.12244-cvtres.read.1.tlog
D:\作业\操作系统\c实现\ProcessCtrlProject\ProcessCtrlProject\Debug\link.12244-cvtres.write.1.tlog
D:\作业\操作系统\c实现\ProcessCtrlProject\ProcessCtrlProject\Debug\link.1476.read.1.tlog
D:\作业\操作系统\c实现\ProcessCtrlProject\ProcessCtrlProject\Debug\link.1476.write.1.tlog
D:\作业\操作系统\c实现\ProcessCtrlProject\ProcessCtrlProject\Debug\link.1476-cvtres.read.1.tlog
D:\作业\操作系统\c实现\ProcessCtrlProject\ProcessCtrlProject\Debug\link.1476-cvtres.write.1.tlog
D:\作业\操作系统\c实现\ProcessCtrlProject\ProcessCtrlProject\Debug\link.4164.read.1.tlog
D:\作业\操作系统\c实现\ProcessCtrlProject\ProcessCtrlProject\Debug\link.4164.write.1.tlog
D:\作业\操作系统\c实现\ProcessCtrlProject\ProcessCtrlProject\Debug\link.4164-cvtres.read.1.tlog
D:\作业\操作系统\c实现\ProcessCtrlProject\ProcessCtrlProject\Debug\link.4164-cvtres.write.1.tlog
D:\作业\操作系统\c实现\ProcessCtrlProject\ProcessCtrlProject\Debug\link.6400.read.1.tlog
D:\作业\操作系统\c实现\ProcessCtrlProject\ProcessCtrlProject\Debug\link.6400.write.1.tlog
D:\作业\操作系统\c实现\ProcessCtrlProject\ProcessCtrlProject\Debug\link.6400-cvtres.read.1.tlog
D:\作业\操作系统\c实现\ProcessCtrlProject\ProcessCtrlProject\Debug\link.6400-cvtres.write.1.tlog
D:\作业\操作系统\c实现\ProcessCtrlProject\ProcessCtrlProject\Debug\link.6940.read.1.tlog
D:\作业\操作系统\c实现\ProcessCtrlProject\ProcessCtrlProject\Debug\link.6940.write.1.tlog
D:\作业\操作系统\c实现\ProcessCtrlProject\ProcessCtrlProject\Debug\link.6940-cvtres.read.1.tlog
D:\作业\操作系统\c实现\ProcessCtrlProject\ProcessCtrlProject\Debug\link.6940-cvtres.write.1.tlog
D:\作业\操作系统\c实现\ProcessCtrlProject\ProcessCtrlProject\Debug\link.7108.read.1.tlog
D:\作业\操作系统\c实现\ProcessCtrlProject\ProcessCtrlProject\Debug\link.7108.write.1.tlog
D:\作业\操作系统\c实现\ProcessCtrlProject\ProcessCtrlProject\Debug\link.7108-cvtres.read.1.tlog
D:\作业\操作系统\c实现\ProcessCtrlProject\ProcessCtrlProject\Debug\link.7108-cvtres.write.1.tlog
D:\作业\操作系统\c实现\ProcessCtrlProject\ProcessCtrlProject\Debug\link.7640.read.1.tlog
D:\作业\操作系统\c实现\ProcessCtrlProject\ProcessCtrlProject\Debug\link.7640.write.1.tlog
D:\作业\操作系统\c实现\ProcessCtrlProject\ProcessCtrlProject\Debug\link.7640-cvtres.read.1.tlog
D:\作业\操作系统\c实现\ProcessCtrlProject\ProcessCtrlProject\Debug\link.7640-cvtres.write.1.tlog
D:\作业\操作系统\c实现\ProcessCtrlProject\ProcessCtrlProject\Debug\link.7652.read.1.tlog
D:\作业\操作系统\c实现\ProcessCtrlProject\ProcessCtrlProject\Debug\link.7652.write.1.tlog
D:\作业\操作系统\c实现\ProcessCtrlProject\ProcessCtrlProject\Debug\link.7652-cvtres.read.1.tlog
D:\作业\操作系统\c实现\ProcessCtrlProject\ProcessCtrlProject\Debug\link.7652-cvtres.write.1.tlog
D:\作业\操作系统\c实现\ProcessCtrlProject\ProcessCtrlProject\Debug\link.776.read.1.tlog
D:\作业\操作系统\c实现\ProcessCtrlProject\ProcessCtrlProject\Debug\link.776.write.1.tlog
D:\作业\操作系统\c实现\ProcessCtrlProject\ProcessCtrlProject\Debug\link.776-cvtres.read.1.tlog
D:\作业\操作系统\c实现\ProcessCtrlProject\ProcessCtrlProject\Debug\link.776-cvtres.write.1.tlog
D:\作业\操作系统\c实现\ProcessCtrlProject\ProcessCtrlProject\Debug\link.8752.read.1.tlog
D:\作业\操作系统\c实现\ProcessCtrlProject\ProcessCtrlProject\Debug\link.8752.write.1.tlog
D:\作业\操作系统\c实现\ProcessCtrlProject\ProcessCtrlProject\Debug\link.8752-cvtres.read.1.tlog
D:\作业\操作系统\c实现\ProcessCtrlProject\ProcessCtrlProject\Debug\link.8752-cvtres.write.1.tlog
D:\作业\操作系统\c实现\ProcessCtrlProject\ProcessCtrlProject\Debug\link.9324.read.1.tlog
D:\作业\操作系统\c实现\ProcessCtrlProject\ProcessCtrlProject\Debug\link.9324.write.1.tlog
D:\作业\操作系统\c实现\ProcessCtrlProject\ProcessCtrlProject\Debug\link.9324-cvtres.read.1.tlog
D:\作业\操作系统\c实现\ProcessCtrlProject\ProcessCtrlProject\Debug\link.9324-cvtres.write.1.tlog
D:\作业\操作系统\c实现\ProcessCtrlProject\ProcessCtrlProject\Debug\link.command.1.tlog
D:\作业\操作系统\c实现\ProcessCtrlProject\ProcessCtrlProject\Debug\link.read.1.tlog
D:\作业\操作系统\c实现\ProcessCtrlProject\ProcessCtrlProject\Debug\link.write.1.tlog
D:\作业\操作系统\c实现\ProcessCtrlProject\ProcessCtrlProject\Debug\link-cvtres.read.1.tlog
D:\作业\操作系统\c实现\ProcessCtrlProject\ProcessCtrlProject\Debug\link-cvtres.write.1.tlog
D:\作业\操作系统\C实现\PROCESSCTRLPROJECT\PROCESSCTRLPROJECT\DEBUG\M_PAGE1.OBJ
D:\作业\操作系统\C实现\PROCESSCTRLPROJECT\PROCESSCTRLPROJECT\DEBUG\M_PAGE2.OBJ
D:\作业\操作系统\c实现\ProcessCtrlProject\ProcessCtrlProject\Debug\mt.command.1.tlog
D:\作业\操作系统\c实现\ProcessCtrlProject\ProcessCtrlProject\Debug\mt.read.1.tlog
D:\作业\操作系统\c实现\ProcessCtrlProject\ProcessCtrlProject\Debug\mt.write.1.tlog
D:\作业\操作系统\C实现\PROCESSCTRLPROJECT\PROCESSCTRLPROJECT\DEBUG\NEWPROCEEDLG.OBJ
D:\作业\操作系统\C实现\PROCESSCTRLPROJECT\PROCESSCTRLPROJECT\DEBUG\PROCESSCTRLPROJECT.EXE.EMBED.MANIFEST
D:\作业\操作系统\C实现\PROCESSCTRLPROJECT\PROCESSCTRLPROJECT\DEBUG\PROCESSCTRLPROJECT.EXE.EMBED.MANIFEST.RES
D:\作业\操作系统\C实现\PROCESSCTRLPROJECT\PROCESSCTRLPROJECT\DEBUG\PROCESSCTRLPROJECT.EXE.INTERMEDIATE.MANIFEST
D:\作业\操作系统\C实现\PROCESSCTRLPROJECT\PROCESSCTRLPROJECT\DEBUG\PROCESSCTRLPROJECT.OBJ
D:\作业\操作系统\C实现\PROCESSCTRLPROJECT\PROCESSCTRLPROJECT\DEBUG\PROCESSCTRLPROJECT.PCH
D:\作业\操作系统\C实现\PROCESSCTRLPROJECT\PROCESSCTRLPROJECT\DEBUG\PROCESSCTRLPROJECT.RES
D:\作业\操作系统\c实现\ProcessCtrlProject\ProcessCtrlProject\Debug\ProcessCtrlProject.vcxprojResolveAssemblyReference.cache
D:\作业\操作系统\c实现\ProcessCtrlProject\ProcessCtrlProject\Debug\ProcessCtrlProject.write.1.tlog
D:\作业\操作系统\c实现\ProcessCtrlProject\ProcessCtrlProject\Debug\ProcessCtrlProject_manifest.rc
D:\作业\操作系统\C实现\PROCESSCTRLPROJECT\PROCESSCTRLPROJECT\DEBUG\PROCESSCTRLPROJECTDLG.OBJ
D:\作业\操作系统\c实现\ProcessCtrlProject\ProcessCtrlProject\Debug\rc.command.1.tlog
D:\作业\操作系统\c实现\ProcessCtrlProject\ProcessCtrlProject\Debug\rc.read.1.tlog
D:\作业\操作系统\c实现\ProcessCtrlProject\ProcessCtrlProject\Debug\rc.write.1.tlog
D:\作业\操作系统\C实现\PROCESSCTRLPROJECT\PROCESSCTRLPROJECT\DEBUG\STDAFX.OBJ
D:\作业\操作系统\c实现\ProcessCtrlProject\ProcessCtrlProject\Debug\vc100.idb
D:\作业\操作系统\C实现\PROCESSCTRLPROJECT\PROCESSCTRLPROJECT\DEBUG\VC100.PDB
